<?xml version="1.0" encoding="utf-8"?><testsuites name="pytest tests"><testsuite name="pytest" errors="0" failures="0" skipped="0" tests="9" time="2.192" timestamp="2026-08-26T14:30:15.379293+01:00" hostname="Oussamas-MacBook-Pro.local"><testcase classname="prototype.api.tests.test_api" name="test_health_ready" time="1.409" /><testcase classname="prototype.api.tests.test_api" name="test_liveness_and_readiness" time="0.014" /><testcase classname="prototype.api.tests.test_api" name="test_missing_api_key_is_rejected" time="0.016" /><testcase classname="prototype.api.tests.test_api" name="test_wrong_api_key_is_rejected" time="0.016" /><testcase classname="prototype.api.tests.test_api" name="test_recommendation_requires_human_review" time="0.078" /><testcase classname="prototype.api.tests.test_api" name="test_extra_and_out_of_range_input_is_rejected" time="0.012" /><testcase classname="prototype.api.tests.test_model_integrity" name="test_tampered_model_is_rejected" time="0.005" /><testcase classname="prototype.model.tests.test_model_risk_checks" name="test_accuracy_gap_passes_equal_groups" time="0.003" /><testcase classname="prototype.model.tests.test_model_risk_checks" name="test_population_stability_index_detects_shift" time="0.003" /></testsuite></testsuites>